2026-03-06 11:44 | INFO | === Running numeric predict ===
2026-03-06 11:44 | INFO | Predicting with numeric model numeric_ipa_de on L1=de
2026-03-06 11:45 | INFO | Getting dev predictions...
2026-03-06 11:45 | INFO | Saved predictions for numeric_ipa_de on de dev set: predictions/closed/dev/de/numeric_ipa_de_preds.csv
2026-03-06 11:45 | INFO | Predicting with numeric model numeric_ipa_es on L1=es
2026-03-06 11:46 | INFO | Getting dev predictions...
2026-03-06 11:46 | INFO | Saved predictions for numeric_ipa_es on es dev set: predictions/closed/dev/es/numeric_ipa_es_preds.csv
2026-03-06 11:46 | INFO | Predicting with numeric model numeric_ipa_cn_1frz on L1=cn
2026-03-06 11:46 | INFO | Getting dev predictions...
2026-03-06 11:47 | INFO | Saved predictions for numeric_ipa_cn_1frz on cn dev set: predictions/closed/dev/cn/numeric_ipa_cn_1frz_preds.csv
2026-03-06 11:47 | INFO | Predicting with numeric model numeric_ipa_de_1frz on L1=de
2026-03-06 11:47 | INFO | Getting dev predictions...
2026-03-06 11:48 | INFO | Saved predictions for numeric_ipa_de_1frz on de dev set: predictions/closed/dev/de/numeric_ipa_de_1frz_preds.csv
2026-03-06 11:48 | INFO | === Running evaluate ===
2026-03-06 11:48 | INFO | Evaluating pred file baseline_closed_simple_pos_de_preds.csv on de dev set...
2026-03-06 11:48 | INFO | Evaluating pred file baseline_closed_ipa_de_preds.csv on de dev set...
2026-03-06 11:48 | INFO | Evaluating pred file baseline_closed_de_preds.csv on de dev set...
2026-03-06 11:48 | INFO | Evaluating pred file numeric_ipa_de_preds.csv on de dev set...
2026-03-06 11:48 | INFO | Evaluating pred file baseline_closed_simple_ipa_de_preds.csv on de dev set...
2026-03-06 11:48 | INFO | Evaluating pred file numeric_ipa_de_1frz_preds.csv on de dev set...
2026-03-06 11:48 | INFO | Evaluating pred file baseline_closed_pos_de_preds.csv on de dev set...
2026-03-06 11:48 | INFO | Evaluating pred file baseline_closed_pos_ipa_de_preds.csv on de dev set...
2026-03-06 11:48 | INFO | Evaluating pred file baseline_closed_simple_de_preds.csv on de dev set...
2026-03-06 11:48 | INFO | Evaluating pred file baseline_closed_rich_de_preds.csv on de dev set...
2026-03-06 11:48 | INFO | Evaluating pred file baseline_closed_rich_cn_preds.csv on cn dev set...
2026-03-06 11:48 | INFO | Evaluating pred file numeric_ipa_cn_1frz_preds.csv on cn dev set...
2026-03-06 11:48 | INFO | Evaluating pred file baseline_closed_pos_cn_preds.csv on cn dev set...
2026-03-06 11:48 | INFO | Evaluating pred file baseline_closed_simple_ipa_cn_preds.csv on cn dev set...
2026-03-06 11:48 | INFO | Evaluating pred file baseline_closed_cn_preds.csv on cn dev set...
2026-03-06 11:48 | INFO | Evaluating pred file baseline_closed_simple_cn_preds.csv on cn dev set...
2026-03-06 11:48 | INFO | Evaluating pred file baseline_closed_ipa_cn_preds.csv on cn dev set...
2026-03-06 11:48 | INFO | Evaluating pred file baseline_closed_simple_pos_cn_preds.csv on cn dev set...
2026-03-06 11:48 | INFO | Evaluating pred file baseline_closed_ipa_es_preds.csv on es dev set...
2026-03-06 11:48 | INFO | Evaluating pred file baseline_closed_es_preds.csv on es dev set...
2026-03-06 11:48 | INFO | Evaluating pred file baseline_closed_simple_ipa_es_preds.csv on es dev set...
2026-03-06 11:48 | INFO | Evaluating pred file baseline_closed_simple_pos_es_preds.csv on es dev set...
2026-03-06 11:48 | INFO | Evaluating pred file baseline_closed_pos_es_preds.csv on es dev set...
2026-03-06 11:48 | INFO | Evaluating pred file baseline_closed_simple_es_preds.csv on es dev set...
2026-03-06 11:48 | INFO | Evaluating pred file baseline_closed_rich_es_preds.csv on es dev set...
2026-03-06 11:48 | INFO | Evaluating pred file numeric_ipa_es_preds.csv on es dev set...
2026-03-06 11:48 | INFO | Evaluating pred file baseline_open_xx_preds.csv on cn dev set...
2026-03-06 11:48 | INFO | Evaluating pred file baseline_open_xx_preds.csv on es dev set...
2026-03-06 11:48 | INFO | Evaluating pred file baseline_open_xx_preds.csv on de dev set...
2026-03-06 11:48 | INFO | Evaluation summary:

CLOSED TRACK
------------
                        model L1  rmse  pearson
      baseline_closed_rich_es es 1.334    0.743
baseline_closed_simple_pos_es es 1.408    0.694
baseline_closed_simple_ipa_es es 1.450    0.699
    baseline_closed_simple_es es 1.408    0.716
       baseline_closed_pos_es es 1.368    0.741
               numeric_ipa_es es 1.318    0.731
       baseline_closed_ipa_es es 1.365    0.734
           baseline_closed_es es 1.357    0.748
       baseline_closed_pos_de de 1.298    0.760
       baseline_closed_ipa_de de 1.400    0.747
   baseline_closed_pos_ipa_de de 1.341    0.742
               numeric_ipa_de de 1.271    0.740
      baseline_closed_rich_de de 1.311    0.754
          numeric_ipa_de_1frz de 1.228    0.770
    baseline_closed_simple_de de 1.358    0.721
           baseline_closed_de de 1.326    0.753
baseline_closed_simple_ipa_de de 1.341    0.733
baseline_closed_simple_pos_de de 1.371    0.710
       baseline_closed_pos_cn cn 1.189    0.720
          numeric_ipa_cn_1frz cn 1.116    0.751
       baseline_closed_ipa_cn cn 1.181    0.735
baseline_closed_simple_ipa_cn cn 1.125    0.753
    baseline_closed_simple_cn cn 1.174    0.745
      baseline_closed_rich_cn cn 1.181    0.739
baseline_closed_simple_pos_cn cn 1.177    0.748
           baseline_closed_cn cn 1.175    0.736

OPEN TRACK
----------
           model L1  rmse  pearson
baseline_open_xx es 1.206    0.787
baseline_open_xx de 1.149    0.800
baseline_open_xx cn 1.021    0.804
2026-03-06 11:48 | INFO | Saved evaluation results to results/results_summary_dev.csv
