2026-02-22 10:32 | INFO | === Running finetune ===
2026-02-22 10:32 | INFO | Fine-tuning model: baseline_closed_ipa_cn...
2026-02-22 10:33 | WARNING | Some weights of XLMRobertaForSequenceClassification were not initialized from the model checkpoint at xlm-roberta-base and are newly initialized: ['classifier.dense.bias', 'classifier.dense.weight', 'classifier.out_proj.bias', 'classifier.out_proj.weight']
You should probably TRAIN this model on a down-stream task to be able to use it for predictions and inference.
2026-02-22 10:33 | WARNING | Some weights of XLMRobertaForSequenceClassification were not initialized from the model checkpoint at xlm-roberta-base and are newly initialized: ['classifier.dense.bias', 'classifier.dense.weight', 'classifier.out_proj.bias', 'classifier.out_proj.weight']
You should probably TRAIN this model on a down-stream task to be able to use it for predictions and inference.
2026-02-22 11:31 | INFO | Model baseline_closed_ipa_cn fine-tuned and saved at models/baseline_closed_ipa_cn
2026-02-22 11:31 | INFO | Fine-tuning model: baseline_closed_ipa_de...
2026-02-22 11:32 | WARNING | Some weights of XLMRobertaForSequenceClassification were not initialized from the model checkpoint at xlm-roberta-base and are newly initialized: ['classifier.dense.bias', 'classifier.dense.weight', 'classifier.out_proj.bias', 'classifier.out_proj.weight']
You should probably TRAIN this model on a down-stream task to be able to use it for predictions and inference.
2026-02-22 11:32 | WARNING | Some weights of XLMRobertaForSequenceClassification were not initialized from the model checkpoint at xlm-roberta-base and are newly initialized: ['classifier.dense.bias', 'classifier.dense.weight', 'classifier.out_proj.bias', 'classifier.out_proj.weight']
You should probably TRAIN this model on a down-stream task to be able to use it for predictions and inference.
2026-02-22 12:10 | INFO | Model baseline_closed_ipa_de fine-tuned and saved at models/baseline_closed_ipa_de
2026-02-22 12:10 | INFO | Fine-tuning model: baseline_closed_ipa_es...
2026-02-22 12:10 | WARNING | Some weights of XLMRobertaForSequenceClassification were not initialized from the model checkpoint at xlm-roberta-base and are newly initialized: ['classifier.dense.bias', 'classifier.dense.weight', 'classifier.out_proj.bias', 'classifier.out_proj.weight']
You should probably TRAIN this model on a down-stream task to be able to use it for predictions and inference.
2026-02-22 12:10 | WARNING | Some weights of XLMRobertaForSequenceClassification were not initialized from the model checkpoint at xlm-roberta-base and are newly initialized: ['classifier.dense.bias', 'classifier.dense.weight', 'classifier.out_proj.bias', 'classifier.out_proj.weight']
You should probably TRAIN this model on a down-stream task to be able to use it for predictions and inference.
2026-02-22 12:38 | INFO | Model baseline_closed_ipa_es fine-tuned and saved at models/baseline_closed_ipa_es
2026-02-22 12:38 | INFO | Fine-tuning model: baseline_closed_pos_ipa_de...
2026-02-22 12:38 | WARNING | Some weights of XLMRobertaForSequenceClassification were not initialized from the model checkpoint at xlm-roberta-base and are newly initialized: ['classifier.dense.bias', 'classifier.dense.weight', 'classifier.out_proj.bias', 'classifier.out_proj.weight']
You should probably TRAIN this model on a down-stream task to be able to use it for predictions and inference.
2026-02-22 12:38 | WARNING | Some weights of XLMRobertaForSequenceClassification were not initialized from the model checkpoint at xlm-roberta-base and are newly initialized: ['classifier.dense.bias', 'classifier.dense.weight', 'classifier.out_proj.bias', 'classifier.out_proj.weight']
You should probably TRAIN this model on a down-stream task to be able to use it for predictions and inference.
2026-02-22 13:18 | INFO | Model baseline_closed_pos_ipa_de fine-tuned and saved at models/baseline_closed_pos_ipa_de
2026-02-22 13:18 | INFO | Fine-tuning model: baseline_closed_simple_ipa_cn...
2026-02-22 13:18 | WARNING | Some weights of XLMRobertaForSequenceClassification were not initialized from the model checkpoint at xlm-roberta-base and are newly initialized: ['classifier.dense.bias', 'classifier.dense.weight', 'classifier.out_proj.bias', 'classifier.out_proj.weight']
You should probably TRAIN this model on a down-stream task to be able to use it for predictions and inference.
2026-02-22 13:18 | WARNING | Some weights of XLMRobertaForSequenceClassification were not initialized from the model checkpoint at xlm-roberta-base and are newly initialized: ['classifier.dense.bias', 'classifier.dense.weight', 'classifier.out_proj.bias', 'classifier.out_proj.weight']
You should probably TRAIN this model on a down-stream task to be able to use it for predictions and inference.
2026-02-22 14:07 | INFO | Model baseline_closed_simple_ipa_cn fine-tuned and saved at models/baseline_closed_simple_ipa_cn
2026-02-22 14:07 | INFO | === Running predict ===
2026-02-22 14:07 | INFO | Predicting with model baseline_closed_ipa_cn on L1=cn
2026-02-22 14:07 | INFO | Getting dev predictions...
2026-02-22 14:08 | INFO | Saved predictions for baseline_closed_ipa_cn on cn dev set: predictions/closed/dev/cn/baseline_closed_ipa_cn_preds.csv
2026-02-22 14:08 | INFO | Predicting with model baseline_closed_ipa_de on L1=de
2026-02-22 14:08 | INFO | Getting dev predictions...
2026-02-22 14:08 | INFO | Saved predictions for baseline_closed_ipa_de on de dev set: predictions/closed/dev/de/baseline_closed_ipa_de_preds.csv
2026-02-22 14:08 | INFO | Predicting with model baseline_closed_ipa_es on L1=es
2026-02-22 14:09 | INFO | Getting dev predictions...
2026-02-22 14:09 | INFO | Saved predictions for baseline_closed_ipa_es on es dev set: predictions/closed/dev/es/baseline_closed_ipa_es_preds.csv
2026-02-22 14:09 | INFO | Predicting with model baseline_closed_pos_ipa_de on L1=de
2026-02-22 14:09 | INFO | Getting dev predictions...
2026-02-22 14:10 | INFO | Saved predictions for baseline_closed_pos_ipa_de on de dev set: predictions/closed/dev/de/baseline_closed_pos_ipa_de_preds.csv
2026-02-22 14:10 | INFO | Predicting with model baseline_closed_simple_ipa_cn on L1=cn
2026-02-22 14:10 | INFO | Getting dev predictions...
2026-02-22 14:10 | INFO | Saved predictions for baseline_closed_simple_ipa_cn on cn dev set: predictions/closed/dev/cn/baseline_closed_simple_ipa_cn_preds.csv
2026-02-22 14:10 | INFO | === Running evaluate ===
2026-02-22 14:10 | INFO | Evaluating pred file baseline_closed_simple_pos_de_preds.csv on de dev set...
2026-02-22 14:10 | INFO | Evaluating pred file baseline_closed_ipa_de_preds.csv on de dev set...
2026-02-22 14:10 | INFO | Evaluating pred file baseline_closed_de_preds.csv on de dev set...
2026-02-22 14:10 | INFO | Evaluating pred file baseline_closed_pos_de_preds.csv on de dev set...
2026-02-22 14:10 | INFO | Evaluating pred file baseline_closed_pos_ipa_de_preds.csv on de dev set...
2026-02-22 14:10 | INFO | Evaluating pred file baseline_closed_simple_de_preds.csv on de dev set...
2026-02-22 14:10 | INFO | Evaluating pred file baseline_closed_pos_cn_preds.csv on cn dev set...
2026-02-22 14:10 | INFO | Evaluating pred file baseline_closed_simple_ipa_cn_preds.csv on cn dev set...
2026-02-22 14:10 | INFO | Evaluating pred file baseline_closed_cn_preds.csv on cn dev set...
2026-02-22 14:10 | INFO | Evaluating pred file baseline_closed_simple_cn_preds.csv on cn dev set...
2026-02-22 14:10 | INFO | Evaluating pred file baseline_closed_ipa_cn_preds.csv on cn dev set...
2026-02-22 14:10 | INFO | Evaluating pred file baseline_closed_simple_pos_cn_preds.csv on cn dev set...
2026-02-22 14:10 | INFO | Evaluating pred file baseline_closed_ipa_es_preds.csv on es dev set...
2026-02-22 14:10 | INFO | Evaluating pred file baseline_closed_es_preds.csv on es dev set...
2026-02-22 14:10 | INFO | Evaluating pred file baseline_closed_simple_pos_es_preds.csv on es dev set...
2026-02-22 14:10 | INFO | Evaluating pred file baseline_closed_pos_es_preds.csv on es dev set...
2026-02-22 14:10 | INFO | Evaluating pred file baseline_closed_simple_es_preds.csv on es dev set...
2026-02-22 14:10 | INFO | Evaluating pred file baseline_open_xx_preds.csv on cn dev set...
2026-02-22 14:10 | INFO | Evaluating pred file baseline_open_xx_preds.csv on es dev set...
2026-02-22 14:10 | INFO | Evaluating pred file baseline_open_xx_preds.csv on de dev set...
2026-02-22 14:10 | INFO | Evaluation summary:

CLOSED TRACK
------------
                        model L1  rmse  pearson
       baseline_closed_pos_es es 1.368    0.741
    baseline_closed_simple_es es 1.408    0.716
       baseline_closed_ipa_es es 1.365    0.734
baseline_closed_simple_pos_es es 1.408    0.694
           baseline_closed_es es 1.357    0.748
       baseline_closed_ipa_de de 1.400    0.747
       baseline_closed_pos_de de 1.298    0.760
baseline_closed_simple_pos_de de 1.371    0.710
   baseline_closed_pos_ipa_de de 1.341    0.742
    baseline_closed_simple_de de 1.358    0.721
           baseline_closed_de de 1.326    0.753
       baseline_closed_pos_cn cn 1.189    0.720
    baseline_closed_simple_cn cn 1.174    0.745
baseline_closed_simple_ipa_cn cn 1.125    0.753
baseline_closed_simple_pos_cn cn 1.177    0.748
       baseline_closed_ipa_cn cn 1.181    0.735
           baseline_closed_cn cn 1.175    0.736

OPEN TRACK
----------
           model L1  rmse  pearson
baseline_open_xx es 1.206    0.787
baseline_open_xx de 1.149    0.800
baseline_open_xx cn 1.021    0.804
2026-02-22 14:10 | INFO | Saved evaluation results to results/results_summary_dev.csv
