2026-03-08 17:29 | INFO | === Running finetune with numeric features ===
2026-03-08 17:29 | INFO | Fine-tuning numeric model: numeric_cn_simple_ipa...
2026-03-08 17:29 | INFO | Using learning rates for numeric_cn_simple_ipa: ffn=0.00100000, encoder=0.00003000
2026-03-08 17:34 | INFO | Unfroze pretrained encoder at epoch 1.00 (freeze_base_epochs=1).
2026-03-08 18:12 | INFO | Numeric model numeric_cn_simple_ipa fine-tuned and saved at models/numeric_cn_simple_ipa
2026-03-08 18:12 | INFO | Fine-tuning numeric model: numeric_de_simple_ipa...
2026-03-08 18:12 | INFO | Using learning rates for numeric_de_simple_ipa: ffn=0.00100000, encoder=0.00003000
2026-03-08 18:15 | INFO | Unfroze pretrained encoder at epoch 1.00 (freeze_base_epochs=1).
2026-03-08 18:37 | INFO | Numeric model numeric_de_simple_ipa fine-tuned and saved at models/numeric_de_simple_ipa
2026-03-08 18:37 | INFO | Fine-tuning numeric model: numeric_es_simple_ipa...
2026-03-08 18:38 | INFO | Using learning rates for numeric_es_simple_ipa: ffn=0.00100000, encoder=0.00003000
2026-03-08 18:39 | INFO | Unfroze pretrained encoder at epoch 1.00 (freeze_base_epochs=1).
2026-03-08 18:53 | INFO | Numeric model numeric_es_simple_ipa fine-tuned and saved at models/numeric_es_simple_ipa
2026-03-08 18:53 | INFO | === Running numeric predict ===
2026-03-08 18:53 | INFO | Predicting with numeric model numeric_cn_simple_ipa on L1=cn
2026-03-08 18:54 | INFO | Getting dev predictions...
2026-03-08 18:54 | INFO | Saved predictions for numeric_cn_simple_ipa on cn dev set: predictions/closed/dev/cn/numeric_cn_simple_ipa_preds.csv
2026-03-08 18:54 | INFO | Predicting with numeric model numeric_de_simple_ipa on L1=de
2026-03-08 18:54 | INFO | Getting dev predictions...
2026-03-08 18:54 | INFO | Saved predictions for numeric_de_simple_ipa on de dev set: predictions/closed/dev/de/numeric_de_simple_ipa_preds.csv
2026-03-08 18:54 | INFO | Predicting with numeric model numeric_es_simple_ipa on L1=es
2026-03-08 18:55 | INFO | Getting dev predictions...
2026-03-08 18:55 | INFO | Saved predictions for numeric_es_simple_ipa on es dev set: predictions/closed/dev/es/numeric_es_simple_ipa_preds.csv
