2026-03-08 00:25 | INFO | === Running finetune with numeric features ===
2026-03-08 00:25 | INFO | Fine-tuning numeric model: numeric_cn_simple_pos...
2026-03-08 00:25 | INFO | Using learning rates for numeric_cn_simple_pos: ffn=0.00100000, encoder=0.00003000
2026-03-08 00:30 | INFO | Unfroze pretrained encoder at epoch 1.00 (freeze_base_epochs=1).
2026-03-08 01:28 | INFO | Numeric model numeric_cn_simple_pos fine-tuned and saved at models/numeric_cn_simple_pos
2026-03-08 01:28 | INFO | Fine-tuning numeric model: numeric_de_simple_pos...
2026-03-08 01:29 | INFO | Using learning rates for numeric_de_simple_pos: ffn=0.00100000, encoder=0.00003000
2026-03-08 01:33 | INFO | Unfroze pretrained encoder at epoch 1.00 (freeze_base_epochs=1).
2026-03-08 02:24 | INFO | Numeric model numeric_de_simple_pos fine-tuned and saved at models/numeric_de_simple_pos
2026-03-08 02:24 | INFO | Fine-tuning numeric model: numeric_es_simple_pos...
2026-03-08 02:25 | INFO | Using learning rates for numeric_es_simple_pos: ffn=0.00100000, encoder=0.00003000
2026-03-08 02:27 | INFO | Unfroze pretrained encoder at epoch 1.00 (freeze_base_epochs=1).
2026-03-08 03:05 | INFO | Numeric model numeric_es_simple_pos fine-tuned and saved at models/numeric_es_simple_pos
2026-03-08 03:05 | INFO | === Running numeric predict ===
2026-03-08 03:05 | INFO | Predicting with numeric model numeric_cn_simple_pos on L1=cn
2026-03-08 03:05 | INFO | Getting dev predictions...
2026-03-08 03:06 | INFO | Saved predictions for numeric_cn_simple_pos on cn dev set: predictions/closed/dev/cn/numeric_cn_simple_pos_preds.csv
2026-03-08 03:06 | INFO | Predicting with numeric model numeric_de_simple_pos on L1=de
2026-03-08 03:06 | INFO | Getting dev predictions...
2026-03-08 03:07 | INFO | Saved predictions for numeric_de_simple_pos on de dev set: predictions/closed/dev/de/numeric_de_simple_pos_preds.csv
2026-03-08 03:07 | INFO | Predicting with numeric model numeric_es_simple_pos on L1=es
2026-03-08 03:07 | INFO | Getting dev predictions...
2026-03-08 03:07 | INFO | Saved predictions for numeric_es_simple_pos on es dev set: predictions/closed/dev/es/numeric_es_simple_pos_preds.csv
